<?xml version="1.0" encoding="UTF-8"?>
<testsuite xmlns:xsi="http://www.w3.org/2001/XMLSchema-instance" xsi:noNamespaceSchemaLocation="https://maven.apache.org/surefire/maven-surefire-plugin/xsd/surefire-test-report-3.0.xsd" version="3.0" name="org.sonar.samples.java.MyJavaRulesPluginTest" time="0.015" tests="1" errors="0" skipped="0" failures="0">
  <properties>
    <property name="java.specification.version" value="17"/>
    <property name="sun.cpu.isalist" value="amd64"/>
    <property name="sun.jnu.encoding" value="Cp1252"/>
    <property name="gradle.enterprise.listener.surefire.forkId" value="1"/>
    <property name="java.class.path" value="D:\work\2-Projects\Java\sonar-java\docs\java-custom-rules-example\target\test-classes;D:\work\2-Projects\Java\sonar-java\docs\java-custom-rules-example\target\classes;C:\Users\HP ELITEBOOK\.m2\repository\org\sonarsource\api\plugin\sonar-plugin-api\9.14.0.375\sonar-plugin-api-9.14.0.375.jar;C:\Users\HP ELITEBOOK\.m2\repository\org\slf4j\slf4j-api\1.7.30\slf4j-api-1.7.30.jar;C:\Users\HP ELITEBOOK\.m2\repository\org\sonarsource\java\sonar-java-plugin\7.28.0.33738\sonar-java-plugin-7.28.0.33738.jar;C:\Users\HP ELITEBOOK\.m2\repository\org\sonarsource\java\java-surefire\7.28.0.33738\java-surefire-7.28.0.33738.jar;C:\Users\HP ELITEBOOK\.m2\repository\com\fasterxml\staxmate\staxmate\2.4.0\staxmate-2.4.0.jar;C:\Users\HP ELITEBOOK\.m2\repository\org\codehaus\woodstox\stax2-api\4.2.1\stax2-api-4.2.1.jar;C:\Users\HP ELITEBOOK\.m2\repository\org\sonarsource\java\java-frontend\7.28.0.33738\java-frontend-7.28.0.33738.jar;C:\Users\HP ELITEBOOK\.m2\repository\org\sonarsource\java\jdt\7.28.0.33738\jdt-7.28.0.33738-shaded.jar;C:\Users\HP ELITEBOOK\.m2\repository\org\sonarsource\sslr\sslr-core\1.24.0.633\sslr-core-1.24.0.633.jar;C:\Users\HP ELITEBOOK\.m2\repository\org\apache\commons\commons-lang3\3.12.0\commons-lang3-3.12.0.jar;C:\Users\HP ELITEBOOK\.m2\repository\org\sonarsource\analyzer-commons\sonar-regex-parsing\2.7.0.1482\sonar-regex-parsing-2.7.0.1482.jar;C:\Users\HP ELITEBOOK\.m2\repository\org\sonarsource\java\java-symbolic-execution\7.28.0.33738\java-symbolic-execution-7.28.0.33738.jar;C:\Users\HP ELITEBOOK\.m2\repository\org\sonarsource\java\java-checks\7.28.0.33738\java-checks-7.28.0.33738.jar;C:\Users\HP ELITEBOOK\.m2\repository\org\sonarsource\analyzer-commons\sonar-analyzer-recognizers\2.7.0.1482\sonar-analyzer-recognizers-2.7.0.1482.jar;C:\Users\HP ELITEBOOK\.m2\repository\org\sonarsource\java\external-reports\7.28.0.33738\external-reports-7.28.0.33738.jar;C:\Users\HP ELITEBOOK\.m2\repository\org\sonarsource\java\java-jsp\7.28.0.33738\java-jsp-7.28.0.33738.jar;C:\Users\HP ELITEBOOK\.m2\repository\org\apache\tomcat\embed\tomcat-embed-jasper\9.0.81\tomcat-embed-jasper-9.0.81.jar;C:\Users\HP ELITEBOOK\.m2\repository\org\apache\tomcat\embed\tomcat-embed-core\9.0.81\tomcat-embed-core-9.0.81.jar;C:\Users\HP ELITEBOOK\.m2\repository\org\apache\tomcat\tomcat-annotations-api\9.0.81\tomcat-annotations-api-9.0.81.jar;C:\Users\HP ELITEBOOK\.m2\repository\org\apache\tomcat\embed\tomcat-embed-el\9.0.81\tomcat-embed-el-9.0.81.jar;C:\Users\HP ELITEBOOK\.m2\repository\org\sonarsource\analyzer-commons\sonar-xml-parsing\2.7.0.1482\sonar-xml-parsing-2.7.0.1482.jar;C:\Users\HP ELITEBOOK\.m2\repository\com\google\code\findbugs\jsr305\3.0.2\jsr305-3.0.2.jar;C:\Users\HP ELITEBOOK\.m2\repository\xerces\xercesImpl\2.12.2\xercesImpl-2.12.2.jar;C:\Users\HP ELITEBOOK\.m2\repository\xml-apis\xml-apis\1.4.01\xml-apis-1.4.01.jar;C:\Users\HP ELITEBOOK\.m2\repository\com\fasterxml\woodstox\woodstox-core\6.4.0\woodstox-core-6.4.0.jar;C:\Users\HP ELITEBOOK\.m2\repository\org\sonarsource\analyzer-commons\sonar-performance-measure\2.7.0.1482\sonar-performance-measure-2.7.0.1482.jar;C:\Users\HP ELITEBOOK\.m2\repository\org\sonarsource\analyzer-commons\sonar-analyzer-commons\1.24.0.965\sonar-analyzer-commons-1.24.0.965.jar;C:\Users\HP ELITEBOOK\.m2\repository\org\sonarsource\java\java-checks-testkit\7.28.0.33738\java-checks-testkit-7.28.0.33738.jar;C:\Users\HP ELITEBOOK\.m2\repository\com\google\code\gson\gson\2.8.9\gson-2.8.9.jar;C:\Users\HP ELITEBOOK\.m2\repository\org\junit\jupiter\junit-jupiter\5.7.0\junit-jupiter-5.7.0.jar;C:\Users\HP ELITEBOOK\.m2\repository\org\junit\jupiter\junit-jupiter-api\5.7.0\junit-jupiter-api-5.7.0.jar;C:\Users\HP ELITEBOOK\.m2\repository\org\opentest4j\opentest4j\1.2.0\opentest4j-1.2.0.jar;C:\Users\HP ELITEBOOK\.m2\repository\org\junit\platform\junit-platform-commons\1.7.0\junit-platform-commons-1.7.0.jar;C:\Users\HP ELITEBOOK\.m2\repository\org\junit\jupiter\junit-jupiter-params\5.7.0\junit-jupiter-params-5.7.0.jar;C:\Users\HP ELITEBOOK\.m2\repository\org\junit\jupiter\junit-jupiter-engine\5.7.0\junit-jupiter-engine-5.7.0.jar;C:\Users\HP ELITEBOOK\.m2\repository\org\junit\platform\junit-platform-engine\1.7.0\junit-platform-engine-1.7.0.jar;C:\Users\HP ELITEBOOK\.m2\repository\org\junit\jupiter\junit-jupiter-migrationsupport\5.7.0\junit-jupiter-migrationsupport-5.7.0.jar;C:\Users\HP ELITEBOOK\.m2\repository\junit\junit\4.13\junit-4.13.jar;C:\Users\HP ELITEBOOK\.m2\repository\org\hamcrest\hamcrest-core\1.3\hamcrest-core-1.3.jar;C:\Users\HP ELITEBOOK\.m2\repository\org\apiguardian\apiguardian-api\1.1.0\apiguardian-api-1.1.0.jar;C:\Users\HP ELITEBOOK\.m2\repository\org\assertj\assertj-core\3.23.1\assertj-core-3.23.1.jar;C:\Users\HP ELITEBOOK\.m2\repository\net\bytebuddy\byte-buddy\1.12.10\byte-buddy-1.12.10.jar;D:\work\2-Projects\Java\sonar-java\docs\java-custom-rules-example\target\gradle-enterprise\test-listeners.jar;"/>
    <property name="java.vm.vendor" value="Oracle Corporation"/>
    <property name="sun.arch.data.model" value="64"/>
    <property name="user.variant" value=""/>
    <property name="java.vendor.url" value="https://java.oracle.com/"/>
    <property name="user.timezone" value="Africa/Casablanca"/>
    <property name="os.name" value="Windows 10"/>
    <property name="java.vm.specification.version" value="17"/>
    <property name="sun.java.launcher" value="SUN_STANDARD"/>
    <property name="user.country" value="US"/>
    <property name="sun.boot.library.path" value="C:\Program Files\Java\jdk-17.0.1\bin"/>
    <property name="sun.java.command" value="C:\Users\HP ELITEBOOK\AppData\Local\Temp\surefire11677983138702112550\surefirebooter-20240217170245209_3.jar C:\Users\HP ELITEBOOK\AppData\Local\Temp\surefire11677983138702112550 2024-02-17T17-02-45_040-jvmRun1 surefire-20240217170245209_1tmp surefire_0-20240217170245209_2tmp"/>
    <property name="jdk.debug" value="release"/>
    <property name="surefire.test.class.path" value="D:\work\2-Projects\Java\sonar-java\docs\java-custom-rules-example\target\test-classes;D:\work\2-Projects\Java\sonar-java\docs\java-custom-rules-example\target\classes;C:\Users\HP ELITEBOOK\.m2\repository\org\sonarsource\api\plugin\sonar-plugin-api\9.14.0.375\sonar-plugin-api-9.14.0.375.jar;C:\Users\HP ELITEBOOK\.m2\repository\org\slf4j\slf4j-api\1.7.30\slf4j-api-1.7.30.jar;C:\Users\HP ELITEBOOK\.m2\repository\org\sonarsource\java\sonar-java-plugin\7.28.0.33738\sonar-java-plugin-7.28.0.33738.jar;C:\Users\HP ELITEBOOK\.m2\repository\org\sonarsource\java\java-surefire\7.28.0.33738\java-surefire-7.28.0.33738.jar;C:\Users\HP ELITEBOOK\.m2\repository\com\fasterxml\staxmate\staxmate\2.4.0\staxmate-2.4.0.jar;C:\Users\HP ELITEBOOK\.m2\repository\org\codehaus\woodstox\stax2-api\4.2.1\stax2-api-4.2.1.jar;C:\Users\HP ELITEBOOK\.m2\repository\org\sonarsource\java\java-frontend\7.28.0.33738\java-frontend-7.28.0.33738.jar;C:\Users\HP ELITEBOOK\.m2\repository\org\sonarsource\java\jdt\7.28.0.33738\jdt-7.28.0.33738-shaded.jar;C:\Users\HP ELITEBOOK\.m2\repository\org\sonarsource\sslr\sslr-core\1.24.0.633\sslr-core-1.24.0.633.jar;C:\Users\HP ELITEBOOK\.m2\repository\org\apache\commons\commons-lang3\3.12.0\commons-lang3-3.12.0.jar;C:\Users\HP ELITEBOOK\.m2\repository\org\sonarsource\analyzer-commons\sonar-regex-parsing\2.7.0.1482\sonar-regex-parsing-2.7.0.1482.jar;C:\Users\HP ELITEBOOK\.m2\repository\org\sonarsource\java\java-symbolic-execution\7.28.0.33738\java-symbolic-execution-7.28.0.33738.jar;C:\Users\HP ELITEBOOK\.m2\repository\org\sonarsource\java\java-checks\7.28.0.33738\java-checks-7.28.0.33738.jar;C:\Users\HP ELITEBOOK\.m2\repository\org\sonarsource\analyzer-commons\sonar-analyzer-recognizers\2.7.0.1482\sonar-analyzer-recognizers-2.7.0.1482.jar;C:\Users\HP ELITEBOOK\.m2\repository\org\sonarsource\java\external-reports\7.28.0.33738\external-reports-7.28.0.33738.jar;C:\Users\HP ELITEBOOK\.m2\repository\org\sonarsource\java\java-jsp\7.28.0.33738\java-jsp-7.28.0.33738.jar;C:\Users\HP ELITEBOOK\.m2\repository\org\apache\tomcat\embed\tomcat-embed-jasper\9.0.81\tomcat-embed-jasper-9.0.81.jar;C:\Users\HP ELITEBOOK\.m2\repository\org\apache\tomcat\embed\tomcat-embed-core\9.0.81\tomcat-embed-core-9.0.81.jar;C:\Users\HP ELITEBOOK\.m2\repository\org\apache\tomcat\tomcat-annotations-api\9.0.81\tomcat-annotations-api-9.0.81.jar;C:\Users\HP ELITEBOOK\.m2\repository\org\apache\tomcat\embed\tomcat-embed-el\9.0.81\tomcat-embed-el-9.0.81.jar;C:\Users\HP ELITEBOOK\.m2\repository\org\sonarsource\analyzer-commons\sonar-xml-parsing\2.7.0.1482\sonar-xml-parsing-2.7.0.1482.jar;C:\Users\HP ELITEBOOK\.m2\repository\com\google\code\findbugs\jsr305\3.0.2\jsr305-3.0.2.jar;C:\Users\HP ELITEBOOK\.m2\repository\xerces\xercesImpl\2.12.2\xercesImpl-2.12.2.jar;C:\Users\HP ELITEBOOK\.m2\repository\xml-apis\xml-apis\1.4.01\xml-apis-1.4.01.jar;C:\Users\HP ELITEBOOK\.m2\repository\com\fasterxml\woodstox\woodstox-core\6.4.0\woodstox-core-6.4.0.jar;C:\Users\HP ELITEBOOK\.m2\repository\org\sonarsource\analyzer-commons\sonar-performance-measure\2.7.0.1482\sonar-performance-measure-2.7.0.1482.jar;C:\Users\HP ELITEBOOK\.m2\repository\org\sonarsource\analyzer-commons\sonar-analyzer-commons\1.24.0.965\sonar-analyzer-commons-1.24.0.965.jar;C:\Users\HP ELITEBOOK\.m2\repository\org\sonarsource\java\java-checks-testkit\7.28.0.33738\java-checks-testkit-7.28.0.33738.jar;C:\Users\HP ELITEBOOK\.m2\repository\com\google\code\gson\gson\2.8.9\gson-2.8.9.jar;C:\Users\HP ELITEBOOK\.m2\repository\org\junit\jupiter\junit-jupiter\5.7.0\junit-jupiter-5.7.0.jar;C:\Users\HP ELITEBOOK\.m2\repository\org\junit\jupiter\junit-jupiter-api\5.7.0\junit-jupiter-api-5.7.0.jar;C:\Users\HP ELITEBOOK\.m2\repository\org\opentest4j\opentest4j\1.2.0\opentest4j-1.2.0.jar;C:\Users\HP ELITEBOOK\.m2\repository\org\junit\platform\junit-platform-commons\1.7.0\junit-platform-commons-1.7.0.jar;C:\Users\HP ELITEBOOK\.m2\repository\org\junit\jupiter\junit-jupiter-params\5.7.0\junit-jupiter-params-5.7.0.jar;C:\Users\HP ELITEBOOK\.m2\repository\org\junit\jupiter\junit-jupiter-engine\5.7.0\junit-jupiter-engine-5.7.0.jar;C:\Users\HP ELITEBOOK\.m2\repository\org\junit\platform\junit-platform-engine\1.7.0\junit-platform-engine-1.7.0.jar;C:\Users\HP ELITEBOOK\.m2\repository\org\junit\jupiter\junit-jupiter-migrationsupport\5.7.0\junit-jupiter-migrationsupport-5.7.0.jar;C:\Users\HP ELITEBOOK\.m2\repository\junit\junit\4.13\junit-4.13.jar;C:\Users\HP ELITEBOOK\.m2\repository\org\hamcrest\hamcrest-core\1.3\hamcrest-core-1.3.jar;C:\Users\HP ELITEBOOK\.m2\repository\org\apiguardian\apiguardian-api\1.1.0\apiguardian-api-1.1.0.jar;C:\Users\HP ELITEBOOK\.m2\repository\org\assertj\assertj-core\3.23.1\assertj-core-3.23.1.jar;C:\Users\HP ELITEBOOK\.m2\repository\net\bytebuddy\byte-buddy\1.12.10\byte-buddy-1.12.10.jar;D:\work\2-Projects\Java\sonar-java\docs\java-custom-rules-example\target\gradle-enterprise\test-listeners.jar;"/>
    <property name="sun.cpu.endian" value="little"/>
    <property name="user.home" value="C:\Users\HP ELITEBOOK"/>
    <property name="user.language" value="en"/>
    <property name="java.specification.vendor" value="Oracle Corporation"/>
    <property name="java.version.date" value="2022-01-18"/>
    <property name="java.home" value="C:\Program Files\Java\jdk-17.0.1"/>
    <property name="file.separator" value="\"/>
    <property name="basedir" value="D:\work\2-Projects\Java\sonar-java\docs\java-custom-rules-example"/>
    <property name="java.vm.compressedOopsMode" value="32-bit"/>
    <property name="line.separator" value="&#10;"/>
    <property name="java.vm.specification.vendor" value="Oracle Corporation"/>
    <property name="java.specification.name" value="Java Platform API Specification"/>
    <property name="surefire.real.class.path" value="C:\Users\HP ELITEBOOK\AppData\Local\Temp\surefire11677983138702112550\surefirebooter-20240217170245209_3.jar"/>
    <property name="user.script" value=""/>
    <property name="sun.management.compiler" value="HotSpot 64-Bit Tiered Compilers"/>
    <property name="java.runtime.version" value="17.0.2+8-LTS-86"/>
    <property name="user.name" value="HP ELITEBOOK"/>
    <property name="path.separator" value=";"/>
    <property name="os.version" value="10.0"/>
    <property name="java.runtime.name" value="Java(TM) SE Runtime Environment"/>
    <property name="com.gradle.maven.scan.extension.test.listener.junitplatform.NestedExecutionSafeDelegatingTestExecutionListener" value="776a6d9b"/>
    <property name="file.encoding" value="Cp1252"/>
    <property name="java.vm.name" value="Java HotSpot(TM) 64-Bit Server VM"/>
    <property name="gradle.enterprise.listener.port" value="59106"/>
    <property name="localRepository" value="C:\Users\HP ELITEBOOK\.m2\repository"/>
    <property name="java.vendor.url.bug" value="https://bugreport.java.com/bugreport/"/>
    <property name="java.io.tmpdir" value="C:\Users\HPELIT~1\AppData\Local\Temp\"/>
    <property name="java.version" value="17.0.2"/>
    <property name="user.dir" value="D:\work\2-Projects\Java\sonar-java\docs\java-custom-rules-example"/>
    <property name="os.arch" value="amd64"/>
    <property name="java.vm.specification.name" value="Java Virtual Machine Specification"/>
    <property name="sun.os.patch.level" value=""/>
    <property name="native.encoding" value="Cp1252"/>
    <property name="java.library.path" value="C:\Program Files\Java\jdk-17.0.1\bin;C:\WINDOWS\Sun\Java\bin;C:\WINDOWS\system32;C:\WINDOWS;C:\Program Files\Java\jdk-17.0.1\bin;D:\programmes\nodejs;D:\Oracle\dbhomeXE\bin;C:\Program Files (x86)\Common Files\Intel\Shared Libraries\redist\intel64\compiler;C:\WINDOWS\system32;C:\WINDOWS;C:\WINDOWS\System32\Wbem;C:\WINDOWS\System32\WindowsPowerShell\v1.0\;C:\WINDOWS\System32\OpenSSH\;C:\Program Files\Microsoft SQL Server\130\Tools\Binn\;C:\Program Files\Microsoft VS Code\bin;C:\TDM-GCC-32\bin;D:\programmes\Oracle\bin;C:\Program Files\dotnet\;C:\Program Files\Git\cmd;C:\Program Files\php-8.1.2;C:\Windows\System32\cmd.exe;D:\programmes\MSMPI\Bin;C:\Users\HP ELITEBOOK\.node-red;C:\WINDOWS\system32;C:\WINDOWS;C:\WINDOWS\System32\Wbem;C:\WINDOWS\System32\WindowsPowerShell\v1.0\;C:\WINDOWS\System32\OpenSSH\;C:\Program Files\Microsoft SQL Server\Client SDK\ODBC\130\Tools\Binn\;C:\Program Files (x86)\Microsoft SQL Server\140\Tools\Binn\;C:\Program Files\Microsoft SQL Server\140\Tools\Binn\;C:\Program Files\Microsoft SQL Server\140\DTS\Binn\;C:\Program Files (x86)\Common Files\Siemens\ACE\Interfaces;C:\Program Files (x86)\Windows Kits\8.1\Windows Performance Toolkit\;D:\work\1-Scolaire\S4\10-DevOps\TpMaven\Maven\apache-maven-3.9.2\bin;D:\programmes\MiKTeX\miktex\bin\x64\;C:\MinGW\bin;C:\Users\HP ELITEBOOK\AppData\Roaming\Python\Python38\Scripts;C:\ProgramData\chocolatey\bin;C:\Program Files\Docker\Docker\resources\bin;D:\programmes\PostgreSQL\16\bin;D:\programmes\Spark\spark-3.5.0-bin-hadoop3\bin;D:\programmes\hadoop\bin;C:\Users\HP ELITEBOOK\AppData\Local\Programs\Python\Python38\python.exe;D:\programmes\nodejs\;C:\Program Files\Azure Data Studio\bin;C:\Program Files\apache-maven-3.9.2\bin;C:\Program Files\MySQL\MySQL Shell 8.0\bin\;C:\Users\HP ELITEBOOK\AppData\Local\Microsoft\WindowsApps;C:\Users\HP ELITEBOOK\.dotnet\tools;C:\src\flutter\bin;D:\programmes\IntelliJ IDEA Community Edition 2021.3.2\bin;;D:\programmes\CodeBlocks\MinGW\bin;D:\programmes\flutter\bin;D:\programmes\IntelliJ IDEA 2022.2.3\bin;;C:\Program Files\PyCharm Community Edition 2022.2.4\bin;;D:\programmes\JetBrains\WebStorm 2023.2.5\bin;;C:\Program Files\Graphviz\bin;C:\Users\HP ELITEBOOK\AppData\Roaming\npm;C:\Program Files\Azure Data Studio\bin;."/>
    <property name="java.vm.info" value="mixed mode, sharing"/>
    <property name="java.vendor" value="Oracle Corporation"/>
    <property name="java.vm.version" value="17.0.2+8-LTS-86"/>
    <property name="sun.io.unicode.encoding" value="UnicodeLittle"/>
    <property name="java.class.version" value="61.0"/>
  </properties>
  <testcase name="testName" classname="org.sonar.samples.java.MyJavaRulesPluginTest" time="0.009"/>
</testsuite>